android/app/build/intermediates/manifest_merge_blame_file/release/manifest-merger-blame-release-report.txt
1<?xml version="1.0" encoding="utf-8"?>
2<manifest xmlns:android="http://schemas.android.com/apk/res/android"
3    package="com.libaud"
4    android:versionCode="1"
5    android:versionName="1.0" >
6
7    <uses-sdk
8        android:minSdkVersion="16"
8-->src\main\AndroidManifest.xml
9        android:targetSdkVersion="28" />
9-->src\main\AndroidManifest.xml
10
11    <uses-permission android:name="android.permission.INTERNET" />
11-->src\main\AndroidManifest.xml:4:5-67
11-->src\main\AndroidManifest.xml:4:22-64
12    <uses-permission android:name="android.permission.SYSTEM_ALERT_WINDOW" />
12-->src\main\AndroidManifest.xml:5:5-77
12-->src\main\AndroidManifest.xml:5:22-75
13    <uses-permission android:name="android.permission.READ_EXTERNAL_STORAGE" />
13-->src\main\AndroidManifest.xml:6:5-80
13-->src\main\AndroidManifest.xml:6:22-77
14    <uses-permission android:name="android.permission.WRITE_EXTERNAL_STORAGE" />
14-->src\main\AndroidManifest.xml:7:5-81
14-->src\main\AndroidManifest.xml:7:22-78
15    <uses-permission android:name="android.permission.DOWNLOAD_WITHOUT_NOTIFICATION" />
15-->src\main\AndroidManifest.xml:8:5-88
15-->src\main\AndroidManifest.xml:8:22-85
16    <uses-permission android:name="android.permission.ACCESS_NETWORK_STATE" />
16-->[:react-native-community_netinfo] AndroidManifest.xml:9:5-79
16-->[:react-native-community_netinfo] AndroidManifest.xml:9:22-76
17    <uses-permission android:name="android.permission.ACCESS_WIFI_STATE" />
17-->[:react-native-community_netinfo] AndroidManifest.xml:10:5-76
17-->[:react-native-community_netinfo] AndroidManifest.xml:10:22-73
18    <uses-permission android:name="android.permission.WAKE_LOCK" />
18-->[:react-native-track-player] AndroidManifest.xml:11:5-68
18-->[:react-native-track-player] AndroidManifest.xml:11:22-65
19    <uses-permission android:name="android.permission.FOREGROUND_SERVICE" /> <!-- Required to access Google Play Licensing -->
19-->[:react-native-track-player] AndroidManifest.xml:12:5-77
19-->[:react-native-track-player] AndroidManifest.xml:12:22-74
20    <uses-permission android:name="com.android.vending.CHECK_LICENSE" />
20-->[:rn-fetch-blob] AndroidManifest.xml:12:5-73
20-->[:rn-fetch-blob] AndroidManifest.xml:12:22-70
21
22    <application
22-->src\main\AndroidManifest.xml:10:5-31:19
23        android:name="com.libaud.MainApplication"
23-->src\main\AndroidManifest.xml:11:7-38
24        android:allowBackup="false"
24-->src\main\AndroidManifest.xml:15:7-34
25        android:appComponentFactory="androidx.core.app.CoreComponentFactory"
25-->[androidx.core:core:1.5.0-alpha05] AndroidManifest.xml:24:18-86
26        android:icon="@mipmap/logo"
26-->src\main\AndroidManifest.xml:13:7-34
27        android:label="@string/app_name"
27-->src\main\AndroidManifest.xml:12:7-39
28        android:roundIcon="@mipmap/logo"
28-->src\main\AndroidManifest.xml:14:7-39
29        android:theme="@style/AppTheme"
29-->src\main\AndroidManifest.xml:17:7-38
30        android:usesCleartextTraffic="true" >
30-->src\main\AndroidManifest.xml:16:7-42
31        <activity
31-->src\main\AndroidManifest.xml:18:7-29:18
32            android:name="com.libaud.MainActivity"
32-->src\main\AndroidManifest.xml:19:9-37
33            android:configChanges="keyboard|keyboardHidden|orientation|screenSize|uiMode"
33-->src\main\AndroidManifest.xml:21:9-86
34            android:label="@string/app_name"
34-->src\main\AndroidManifest.xml:20:9-41
35            android:launchMode="singleTask"
35-->src\main\AndroidManifest.xml:22:9-40
36            android:windowSoftInputMode="adjustResize" >
36-->src\main\AndroidManifest.xml:23:9-51
37            <intent-filter>
37-->src\main\AndroidManifest.xml:24:9-28:25
38                <action android:name="android.intent.action.MAIN" />
38-->src\main\AndroidManifest.xml:25:13-65
38-->src\main\AndroidManifest.xml:25:21-62
39
40                <category android:name="android.intent.category.LAUNCHER" />
40-->src\main\AndroidManifest.xml:26:13-73
40-->src\main\AndroidManifest.xml:26:23-70
41
42                <action android:name="android.intent.action.DOWNLOAD_COMPLETE" />
42-->src\main\AndroidManifest.xml:27:13-77
42-->src\main\AndroidManifest.xml:27:21-75
43            </intent-filter>
44        </activity>
45        <activity android:name="com.facebook.react.devsupport.DevSettingsActivity" />
45-->src\main\AndroidManifest.xml:30:7-84
45-->src\main\AndroidManifest.xml:30:17-81
46        <!-- The main service, handles playback, playlists and media buttons -->
47        <service
47-->[:react-native-track-player] AndroidManifest.xml:17:9-24:19
48            android:name="com.guichaguri.trackplayer.service.MusicService"
48-->[:react-native-track-player] AndroidManifest.xml:18:13-75
49            android:enabled="true"
49-->[:react-native-track-player] AndroidManifest.xml:19:13-35
50            android:exported="true" >
50-->[:react-native-track-player] AndroidManifest.xml:20:13-36
51            <intent-filter>
51-->[:react-native-track-player] AndroidManifest.xml:21:13-23:29
52                <action android:name="android.intent.action.MEDIA_BUTTON" />
52-->[:react-native-track-player] AndroidManifest.xml:22:17-77
52-->[:react-native-track-player] AndroidManifest.xml:22:25-74
53            </intent-filter>
54        </service> <!-- A receiver that will receive media buttons. Required on pre-lollipop devices -->
55        <receiver android:name="androidx.media.session.MediaButtonReceiver" >
55-->[:react-native-track-player] AndroidManifest.xml:27:9-31:20
55-->[:react-native-track-player] AndroidManifest.xml:27:19-76
56            <intent-filter>
56-->[:react-native-track-player] AndroidManifest.xml:21:13-23:29
57                <action android:name="android.intent.action.MEDIA_BUTTON" />
57-->[:react-native-track-player] AndroidManifest.xml:22:17-77
57-->[:react-native-track-player] AndroidManifest.xml:22:25-74
58            </intent-filter>
59        </receiver>
60
61        <provider
61-->[:rn-fetch-blob] AndroidManifest.xml:36:9-44:20
62            android:name="com.RNFetchBlob.Utils.FileProvider"
62-->[:rn-fetch-blob] AndroidManifest.xml:37:13-62
63            android:authorities="com.libaud.provider"
63-->[:rn-fetch-blob] AndroidManifest.xml:38:13-60
64            android:exported="false"
64-->[:rn-fetch-blob] AndroidManifest.xml:39:13-37
65            android:grantUriPermissions="true" >
65-->[:rn-fetch-blob] AndroidManifest.xml:40:13-47
66            <meta-data
66-->[:rn-fetch-blob] AndroidManifest.xml:41:13-43:58
67                android:name="android.support.FILE_PROVIDER_PATHS"
67-->[:rn-fetch-blob] AndroidManifest.xml:42:17-67
68                android:resource="@xml/provider_paths" />
68-->[:rn-fetch-blob] AndroidManifest.xml:43:17-55
69        </provider>
70    </application>
71
72</manifest>